# JRE version: OpenJDK Runtime Environment (8.0_242-b01) (build 1.8.0_242-release-1644-b01)
# Java VM: OpenJDK 64-Bit Server VM (25.242-b01 mixed mode windows-amd64 compressed oops)
Heap:
 PSYoungGen      total 622080K, used 340234K [0x00000000d5580000, 0x0000000100000000, 0x0000000100000000)
  eden space 545792K, 55% used [0x00000000d5580000,0x00000000e7ac59b8,0x00000000f6a80000)
  from space 76288K, 52% used [0x00000000fb480000,0x00000000fdb7cee0,0x00000000fff00000)
  to   space 75776K, 0% used [0x00000000f6a80000,0x00000000f6a80000,0x00000000fb480000)
 ParOldGen       total 454144K, used 226893K [0x0000000080000000, 0x000000009bb80000, 0x00000000d5580000)
  object space 454144K, 49% used [0x0000000080000000,0x000000008dd93410,0x000000009bb80000)
 Metaspace       used 317581K, capacity 334147K, committed 338264K, reserved 1343488K
  class space    used 40266K, capacity 43256K, committed 43904K, reserved 1048576K
GC Heap History (10 events):
Event: 19351.142 GC heap before
{Heap before GC invocations=109 (full 8):
 PSYoungGen      total 601088K, used 327098K [0x00000000d5580000, 0x00000000ff780000, 0x0000000100000000)
  eden space 522240K, 60% used [0x00000000d5580000,0x00000000e87bc6b8,0x00000000f5380000)
  from space 78848K, 17% used [0x00000000faa80000,0x00000000fb7b22e8,0x00000000ff780000)
  to   space 83968K, 0% used [0x00000000f5380000,0x00000000f5380000,0x00000000fa580000)
 ParOldGen       total 454144K, used 365641K [0x0000000080000000, 0x000000009bb80000, 0x00000000d5580000)
  object space 454144K, 80% used [0x0000000080000000,0x0000000096512500,0x000000009bb80000)
 Metaspace       used 310854K, capacity 328299K, committed 331608K, reserved 1337344K
  class space    used 39432K, capacity 42720K, committed 43136K, reserved 1048576K
Event: 19351.230 GC heap after
Heap after GC invocations=109 (full 8):
 PSYoungGen      total 550912K, used 28315K [0x00000000d5580000, 0x00000000fed80000, 0x0000000100000000)
  eden space 522240K, 0% used [0x00000000d5580000,0x00000000d5580000,0x00000000f5380000)
  from space 28672K, 98% used [0x00000000f5380000,0x00000000f6f26ea0,0x00000000f6f80000)
  to   space 78848K, 0% used [0x00000000fa080000,0x00000000fa080000,0x00000000fed80000)
 ParOldGen       total 454144K, used 373377K [0x0000000080000000, 0x000000009bb80000, 0x00000000d5580000)
  object space 454144K, 82% used [0x0000000080000000,0x0000000096ca04c0,0x000000009bb80000)
 Metaspace       used 310854K, capacity 328299K, committed 331608K, reserved 1337344K
  class space    used 39432K, capacity 42720K, committed 43136K, reserved 1048576K
}
Event: 19351.230 GC heap before
{Heap before GC invocations=110 (full 9):
 PSYoungGen      total 550912K, used 28315K [0x00000000d5580000, 0x00000000fed80000, 0x0000000100000000)
  eden space 522240K, 0% used [0x00000000d5580000,0x00000000d5580000,0x00000000f5380000)
  from space 28672K, 98% used [0x00000000f5380000,0x00000000f6f26ea0,0x00000000f6f80000)
  to   space 78848K, 0% used [0x00000000fa080000,0x00000000fa080000,0x00000000fed80000)
 ParOldGen       total 454144K, used 373377K [0x0000000080000000, 0x000000009bb80000, 0x00000000d5580000)
  object space 454144K, 82% used [0x0000000080000000,0x0000000096ca04c0,0x000000009bb80000)
 Metaspace       used 310854K, capacity 328299K, committed 331608K, reserved 1337344K
  class space    used 39432K, capacity 42720K, committed 43136K, reserved 1048576K
Event: 19353.343 GC heap after
Heap after GC invocations=110 (full 9):
 PSYoungGen      total 550912K, used 0K [0x00000000d5580000, 0x00000000fed80000, 0x0000000100000000)
  eden space 522240K, 0% used [0x00000000d5580000,0x00000000d5580000,0x00000000f5380000)
  from space 28672K, 0% used [0x00000000f5380000,0x00000000f5380000,0x00000000f6f80000)
  to   space 78848K, 0% used [0x00000000fa080000,0x00000000fa080000,0x00000000fed80000)
 ParOldGen       total 454144K, used 190649K [0x0000000080000000, 0x000000009bb80000, 0x00000000d5580000)
  object space 454144K, 41% used [0x0000000080000000,0x000000008ba2e418,0x000000009bb80000)
 Metaspace       used 304275K, capacity 319153K, committed 331608K, reserved 1337344K
  class space    used 38426K, capacity 41153K, committed 43136K, reserved 1048576K
}
Event: 19878.043 GC heap before
{Heap before GC invocations=111 (full 9):
 PSYoungGen      total 550912K, used 522240K [0x00000000d5580000, 0x00000000fed80000, 0x0000000100000000)
  eden space 522240K, 100% used [0x00000000d5580000,0x00000000f5380000,0x00000000f5380000)
  from space 28672K, 0% used [0x00000000f5380000,0x00000000f5380000,0x00000000f6f80000)
  to   space 78848K, 0% used [0x00000000fa080000,0x00000000fa080000,0x00000000fed80000)
 ParOldGen       total 454144K, used 190649K [0x0000000080000000, 0x000000009bb80000, 0x00000000d5580000)
  object space 454144K, 41% used [0x0000000080000000,0x000000008ba2e418,0x000000009bb80000)
 Metaspace       used 307162K, capacity 322407K, committed 331608K, reserved 1337344K
  class space    used 38814K, capacity 41596K, committed 43136K, reserved 1048576K
Event: 19878.075 GC heap after
Heap after GC invocations=111 (full 9):
 PSYoungGen      total 605184K, used 20082K [0x00000000d5580000, 0x0000000100000000, 0x0000000100000000)
  eden space 526336K, 0% used [0x00000000d5580000,0x00000000d5580000,0x00000000f5780000)
  from space 78848K, 25% used [0x00000000fa080000,0x00000000fb41cb70,0x00000000fed80000)
  to   space 74752K, 0% used [0x00000000f5780000,0x00000000f5780000,0x00000000fa080000)
 ParOldGen       total 454144K, used 190657K [0x0000000080000000, 0x000000009bb80000, 0x00000000d5580000)
  object space 454144K, 41% used [0x0000000080000000,0x000000008ba30418,0x000000009bb80000)
 Metaspace       used 307162K, capacity 322407K, committed 331608K, reserved 1337344K
  class space    used 38814K, capacity 41596K, committed 43136K, reserved 1048576K
}
Event: 19908.516 GC heap before
{Heap before GC invocations=112 (full 9):
 PSYoungGen      total 605184K, used 546418K [0x00000000d5580000, 0x0000000100000000, 0x0000000100000000)
  eden space 526336K, 100% used [0x00000000d5580000,0x00000000f5780000,0x00000000f5780000)
  from space 78848K, 25% used [0x00000000fa080000,0x00000000fb41cb70,0x00000000fed80000)
  to   space 74752K, 0% used [0x00000000f5780000,0x00000000f5780000,0x00000000fa080000)
 ParOldGen       total 454144K, used 190657K [0x0000000080000000, 0x000000009bb80000, 0x00000000d5580000)
  object space 454144K, 41% used [0x0000000080000000,0x000000008ba30418,0x000000009bb80000)
 Metaspace       used 316995K, capacity 333507K, committed 337752K, reserved 1343488K
  class space    used 40224K, capacity 43212K, committed 43904K, reserved 1048576K
Event: 19908.850 GC heap after
Heap after GC invocations=112 (full 9):
 PSYoungGen      total 601088K, used 43288K [0x00000000d5580000, 0x00000000fff00000, 0x0000000100000000)
  eden space 526336K, 0% used [0x00000000d5580000,0x00000000d5580000,0x00000000f5780000)
  from space 74752K, 57% used [0x00000000f5780000,0x00000000f81c6100,0x00000000fa080000)
  to   space 76288K, 0% used [0x00000000fb480000,0x00000000fb480000,0x00000000fff00000)
 ParOldGen       total 454144K, used 203814K [0x0000000080000000, 0x000000009bb80000, 0x00000000d5580000)
  object space 454144K, 44% used [0x0000000080000000,0x000000008c709908,0x000000009bb80000)
 Metaspace       used 316995K, capacity 333507K, committed 337752K, reserved 1343488K
  class space    used 40224K, capacity 43212K, committed 43904K, reserved 1048576K
}
Event: 19913.467 GC heap before
{Heap before GC invocations=113 (full 9):
 PSYoungGen      total 601088K, used 569624K [0x00000000d5580000, 0x00000000fff00000, 0x0000000100000000)
  eden space 526336K, 100% used [0x00000000d5580000,0x00000000f5780000,0x00000000f5780000)
  from space 74752K, 57% used [0x00000000f5780000,0x00000000f81c6100,0x00000000fa080000)
  to   space 76288K, 0% used [0x00000000fb480000,0x00000000fb480000,0x00000000fff00000)
 ParOldGen       total 454144K, used 203814K [0x0000000080000000, 0x000000009bb80000, 0x00000000d5580000)
  object space 454144K, 44% used [0x0000000080000000,0x000000008c709908,0x000000009bb80000)
 Metaspace       used 317536K, capacity 334079K, committed 338264K, reserved 1343488K
  class space    used 40266K, capacity 43256K, committed 43904K, reserved 1048576K
Event: 19913.725 GC heap after
Heap after GC invocations=113 (full 9):
 PSYoungGen      total 622080K, used 39923K [0x00000000d5580000, 0x0000000100000000, 0x0000000100000000)
  eden space 545792K, 0% used [0x00000000d5580000,0x00000000d5580000,0x00000000f6a80000)
  from space 76288K, 52% used [0x00000000fb480000,0x00000000fdb7cee0,0x00000000fff00000)
  to   space 75776K, 0% used [0x00000000f6a80000,0x00000000f6a80000,0x00000000fb480000)
 ParOldGen       total 454144K, used 226893K [0x0000000080000000, 0x000000009bb80000, 0x00000000d5580000)
  object space 454144K, 49% used [0x0000000080000000,0x000000008dd93410,0x000000009bb80000)
 Metaspace       used 317536K, capacity 334079K, committed 338264K, reserved 1343488K
  class space    used 40266K, capacity 43256K, committed 43904K, reserved 1048576K
}

